        -:    0:Source:/opt/local/lib/gcc12/gcc/arm64-apple-darwin22/12.2.0/include-fixed/math.h
        -:    0:Graph:src/run.gcno
        -:    0:Data:src/run.gcda
        -:    0:Runs:1
        -:    1:/*  DO NOT EDIT THIS FILE.
        -:    2:
        -:    3:    It has been auto-edited by fixincludes from:
        -:    4:
        -:    5:	"/Library/Developer/CommandLineTools/SDKs/MacOSX13.sdk/usr/include/math.h"
        -:    6:
        -:    7:    This had to be done to correct non-standard usages in the
        -:    8:    original, manufacturer supplied header file.  */
        -:    9:
        -:   10:#ifndef FIXINC_WRAP_MATH_H_MATH_EXCEPTION
        -:   11:#define FIXINC_WRAP_MATH_H_MATH_EXCEPTION 1
        -:   12:
        -:   13:#ifdef __cplusplus
        -:   14:#define exception __math_exception
        -:   15:#endif
        -:   16:/*
        -:   17: * Copyright (c) 2002-2017 Apple Inc. All rights reserved.
        -:   18: *
        -:   19: * @APPLE_LICENSE_HEADER_START@
        -:   20: * 
        -:   21: * The contents of this file constitute Original Code as defined in and
        -:   22: * are subject to the Apple Public Source License Version 1.1 (the
        -:   23: * "License").  You may not use this file except in compliance with the
        -:   24: * License.  Please obtain a copy of the License at
        -:   25: * http://www.apple.com/publicsource and read it before using this file.
        -:   26: * 
        -:   27: * This Original Code and all software distributed under the License are
        -:   28: * distributed on an "AS IS" basis, WITHOUT WARRANTY OF ANY KIND, EITHER
        -:   29: * EXPRESS OR IMPLIED, AND APPLE HEREBY DISCLAIMS ALL SUCH WARRANTIES,
        -:   30: * INCLUDING WITHOUT LIMITATION, ANY WARRANTIES OF MERCHANTABILITY,
        -:   31: * FITNESS FOR A PARTICULAR PURPOSE OR NON-INFRINGEMENT.  Please see the
        -:   32: * License for the specific language governing rights and limitations
        -:   33: * under the License.
        -:   34: * 
        -:   35: * @APPLE_LICENSE_HEADER_END@
        -:   36: */
        -:   37:
        -:   38:#ifndef __MATH_H__
        -:   39:#define __MATH_H__
        -:   40:
        -:   41:#ifndef __MATH__
        -:   42:#define __MATH__
        -:   43:#endif
        -:   44:
        -:   45:#include <sys/cdefs.h>
        -:   46:#include <Availability.h>
        -:   47:
        -:   48:__BEGIN_DECLS
        -:   49:
        -:   50:/******************************************************************************
        -:   51: * Floating point data types                                                  *
        -:   52: ******************************************************************************/
        -:   53:
        -:   54:/*  Define float_t and double_t per C standard, ISO/IEC 9899:2011 7.12 2,
        -:   55:    taking advantage of GCC's __FLT_EVAL_METHOD__ (which a compiler may
        -:   56:    define anytime and GCC does) that shadows FLT_EVAL_METHOD (which a
        -:   57:    compiler must define only in float.h).                                    */
        -:   58:#if __FLT_EVAL_METHOD__ == 0 || __FLT_EVAL_METHOD__ == 16
        -:   59:    typedef float float_t;
        -:   60:    typedef double double_t;
        -:   61:#elif __FLT_EVAL_METHOD__ == 1
        -:   62:    typedef double float_t;
        -:   63:    typedef double double_t;
        -:   64:#elif __FLT_EVAL_METHOD__ == 2 || __FLT_EVAL_METHOD__ == -1
        -:   65:    typedef long double float_t;
        -:   66:    typedef long double double_t;
        -:   67:#else /* __FLT_EVAL_METHOD__ */
        -:   68:#   error "Unsupported value of __FLT_EVAL_METHOD__."
        -:   69:#endif /* __FLT_EVAL_METHOD__ */
        -:   70:
        -:   71:#if defined(__GNUC__)
        -:   72:#   define    HUGE_VAL     __builtin_huge_val()
        -:   73:#   define    HUGE_VALF    __builtin_huge_valf()
        -:   74:#   define    HUGE_VALL    __builtin_huge_vall()
        -:   75:#   define    NAN          __builtin_nanf("0x7fc00000")
        -:   76:#else
        -:   77:#   define    HUGE_VAL     1e500
        -:   78:#   define    HUGE_VALF    1e50f
        -:   79:#   define    HUGE_VALL    1e5000L
        -:   80:#   define    NAN          __nan()
        -:   81:#endif
        -:   82:
        -:   83:#define INFINITY    HUGE_VALF
        -:   84:
        -:   85:/******************************************************************************
        -:   86: *      Taxonomy of floating point data types                                 *
        -:   87: ******************************************************************************/
        -:   88:
        -:   89:#define FP_NAN          1
        -:   90:#define FP_INFINITE     2
        -:   91:#define FP_ZERO         3
        -:   92:#define FP_NORMAL       4
        -:   93:#define FP_SUBNORMAL    5
        -:   94:#define FP_SUPERNORMAL  6 /* legacy PowerPC support; this is otherwise unused */
        -:   95:
        -:   96:#if defined __arm64__ || defined __ARM_VFPV4__
        -:   97:/*  On these architectures, fma(), fmaf( ), and fmal( ) are generally about as
        -:   98:    fast as (or faster than) separate multiply and add of the same operands.  */
        -:   99:#   define FP_FAST_FMA     1
        -:  100:#   define FP_FAST_FMAF    1
        -:  101:#   define FP_FAST_FMAL    1
        -:  102:#elif (defined __i386__ || defined __x86_64__) && (defined __FMA__ || defined __AVX512F__)
        -:  103:/*  When targeting the FMA ISA extension, fma() and fmaf( ) are generally
        -:  104:    about as fast as (or faster than) separate multiply and add of the same
        -:  105:    operands, but fmal( ) may be more costly.                                 */
        -:  106:#   define FP_FAST_FMA     1
        -:  107:#   define FP_FAST_FMAF    1
        -:  108:#   undef  FP_FAST_FMAL
        -:  109:#else
        -:  110:/*  On these architectures, fma( ), fmaf( ), and fmal( ) function calls are
        -:  111:    significantly more costly than separate multiply and add operations.      */
        -:  112:#   undef  FP_FAST_FMA
        -:  113:#   undef  FP_FAST_FMAF
        -:  114:#   undef  FP_FAST_FMAL
        -:  115:#endif
        -:  116:
        -:  117:/* The values returned by `ilogb' for 0 and NaN respectively. */
        -:  118:#define FP_ILOGB0      (-2147483647 - 1)
        -:  119:#define FP_ILOGBNAN    (-2147483647 - 1)
        -:  120:
        -:  121:/* Bitmasks for the math_errhandling macro.  */
        -:  122:#define MATH_ERRNO        1    /* errno set by math functions.  */
        -:  123:#define MATH_ERREXCEPT    2    /* Exceptions raised by math functions.  */
        -:  124:
        -:  125:#define math_errhandling (__math_errhandling())
        -:  126:extern int __math_errhandling(void);
        -:  127:
        -:  128:/******************************************************************************
        -:  129: *                                                                            *
        -:  130: *                              Inquiry macros                                *
        -:  131: *                                                                            *
        -:  132: *  fpclassify      Returns one of the FP_* values.                           *
        -:  133: *  isnormal        Non-zero if and only if the argument x is normalized.     *
        -:  134: *  isfinite        Non-zero if and only if the argument x is finite.         *
        -:  135: *  isnan           Non-zero if and only if the argument x is a NaN.          *
        -:  136: *  signbit         Non-zero if and only if the sign of the argument x is     *
        -:  137: *                  negative.  This includes, NaNs, infinities and zeros.     *
        -:  138: *                                                                            *
        -:  139: ******************************************************************************/
        -:  140:
        -:  141:#define fpclassify(x)                                                    \
        -:  142:    ( sizeof(x) == sizeof(float)  ? __fpclassifyf((float)(x))            \
        -:  143:    : sizeof(x) == sizeof(double) ? __fpclassifyd((double)(x))           \
        -:  144:                                  : __fpclassifyl((long double)(x)))
        -:  145:
        -:  146:extern int __fpclassifyf(float);
        -:  147:extern int __fpclassifyd(double);
        -:  148:extern int __fpclassifyl(long double);
        -:  149:
        -:  150:#if (defined(__GNUC__) && 0 == __FINITE_MATH_ONLY__)
        -:  151:/*  These inline functions may fail to return expected results if unsafe
        -:  152:    math optimizations like those enabled by -ffast-math are turned on.
        -:  153:    Thus, (somewhat surprisingly) you only get the fast inline
        -:  154:    implementations if such compiler options are NOT enabled.  This is
        -:  155:    because the inline functions require the compiler to be adhering to
        -:  156:    the standard in order to work properly; -ffast-math, among other
        -:  157:    things, implies that NaNs don't happen, which allows the compiler to
        -:  158:    optimize away checks like x != x, which might lead to things like
        -:  159:    isnan(NaN) returning false.                                               
        -:  160: 
        -:  161:    Thus, if you compile with -ffast-math, actual function calls are
        -:  162:    generated for these utilities.                                            */
        -:  163:    
        -:  164:#define isnormal(x)                                                      \
        -:  165:    ( sizeof(x) == sizeof(float)  ? __inline_isnormalf((float)(x))       \
        -:  166:    : sizeof(x) == sizeof(double) ? __inline_isnormald((double)(x))      \
        -:  167:                                  : __inline_isnormall((long double)(x)))
        -:  168:
        -:  169:#define isfinite(x)                                                      \
        -:  170:    ( sizeof(x) == sizeof(float)  ? __inline_isfinitef((float)(x))       \
        -:  171:    : sizeof(x) == sizeof(double) ? __inline_isfinited((double)(x))      \
        -:  172:                                  : __inline_isfinitel((long double)(x)))
        -:  173:
        -:  174:#define isinf(x)                                                         \
        -:  175:    ( sizeof(x) == sizeof(float)  ? __inline_isinff((float)(x))          \
        -:  176:    : sizeof(x) == sizeof(double) ? __inline_isinfd((double)(x))         \
        -:  177:                                  : __inline_isinfl((long double)(x)))
        -:  178:
        -:  179:#define isnan(x)                                                         \
        -:  180:    ( sizeof(x) == sizeof(float)  ? __inline_isnanf((float)(x))          \
        -:  181:    : sizeof(x) == sizeof(double) ? __inline_isnand((double)(x))         \
        -:  182:                                  : __inline_isnanl((long double)(x)))
        -:  183:
        -:  184:#define signbit(x)                                                       \
        -:  185:    ( sizeof(x) == sizeof(float)  ? __inline_signbitf((float)(x))        \
        -:  186:    : sizeof(x) == sizeof(double) ? __inline_signbitd((double)(x))       \
        -:  187:                                  : __inline_signbitl((long double)(x)))
        -:  188:
        -:  189:__header_always_inline int __inline_isfinitef(float);
        -:  190:__header_always_inline int __inline_isfinited(double);
        -:  191:__header_always_inline int __inline_isfinitel(long double);
        -:  192:__header_always_inline int __inline_isinff(float);
        -:  193:__header_always_inline int __inline_isinfd(double);
        -:  194:__header_always_inline int __inline_isinfl(long double);
        -:  195:__header_always_inline int __inline_isnanf(float);
        -:  196:__header_always_inline int __inline_isnand(double);
        -:  197:__header_always_inline int __inline_isnanl(long double);
        -:  198:__header_always_inline int __inline_isnormalf(float);
        -:  199:__header_always_inline int __inline_isnormald(double);
        -:  200:__header_always_inline int __inline_isnormall(long double);
        -:  201:__header_always_inline int __inline_signbitf(float);
        -:  202:__header_always_inline int __inline_signbitd(double);
        -:  203:__header_always_inline int __inline_signbitl(long double);
        -:  204:    
        -:  205:__header_always_inline int __inline_isfinitef(float __x) {
        -:  206:    return __x == __x && __builtin_fabsf(__x) != __builtin_inff();
        -:  207:}
        -:  208:__header_always_inline int __inline_isfinited(double __x) {
        -:  209:    return __x == __x && __builtin_fabs(__x) != __builtin_inf();
        -:  210:}
        -:  211:__header_always_inline int __inline_isfinitel(long double __x) {
        -:  212:    return __x == __x && __builtin_fabsl(__x) != __builtin_infl();
        -:  213:}
        -:  214:__header_always_inline int __inline_isinff(float __x) {
        -:  215:    return __builtin_fabsf(__x) == __builtin_inff();
        -:  216:}
        -:  217:__header_always_inline int __inline_isinfd(double __x) {
       8*:  218:    return __builtin_fabs(__x) == __builtin_inf();
branch  0 taken 100% (fallthrough)
branch  1 taken 0%
branch  2 never executed
branch  3 never executed
branch  4 never executed
branch  5 never executed
branch  6 taken 100% (fallthrough)
branch  7 taken 0%
branch  8 taken 100% (fallthrough)
branch  9 taken 0%
branch 10 never executed
branch 11 never executed
        -:  219:}
        -:  220:__header_always_inline int __inline_isinfl(long double __x) {
        -:  221:    return __builtin_fabsl(__x) == __builtin_infl();
        -:  222:}
        -:  223:__header_always_inline int __inline_isnanf(float __x) {
        -:  224:    return __x != __x;
        -:  225:}
        -:  226:__header_always_inline int __inline_isnand(double __x) {
        -:  227:    return __x != __x;
        -:  228:}
        -:  229:__header_always_inline int __inline_isnanl(long double __x) {
        -:  230:    return __x != __x;
        -:  231:}
        -:  232:__header_always_inline int __inline_signbitf(float __x) {
        -:  233:    union { float __f; unsigned int __u; } __u;
        -:  234:    __u.__f = __x;
        -:  235:    return (int)(__u.__u >> 31);
        -:  236:}
        -:  237:__header_always_inline int __inline_signbitd(double __x) {
        -:  238:    union { double __f; unsigned long long __u; } __u;
        -:  239:    __u.__f = __x;
        -:  240:    return (int)(__u.__u >> 63);
        -:  241:}
        -:  242:#if defined __i386__ || defined __x86_64__
        -:  243:__header_always_inline int __inline_signbitl(long double __x) {
        -:  244:    union {
        -:  245:        long double __ld;
        -:  246:        struct{ unsigned long long __m; unsigned short __sexp; } __p;
        -:  247:    } __u;
        -:  248:    __u.__ld = __x;
        -:  249:    return (int)(__u.__p.__sexp >> 15);
        -:  250:}
        -:  251:#else
        -:  252:__header_always_inline int __inline_signbitl(long double __x) {
        -:  253:    union { long double __f; unsigned long long __u;} __u;
        -:  254:    __u.__f = __x;
        -:  255:    return (int)(__u.__u >> 63);
        -:  256:}
        -:  257:#endif
        -:  258:__header_always_inline int __inline_isnormalf(float __x) {
        -:  259:    return __inline_isfinitef(__x) && __builtin_fabsf(__x) >= __FLT_MIN__;
        -:  260:}
        -:  261:__header_always_inline int __inline_isnormald(double __x) {
        -:  262:    return __inline_isfinited(__x) && __builtin_fabs(__x) >= __DBL_MIN__;
        -:  263:}
        -:  264:__header_always_inline int __inline_isnormall(long double __x) {
        -:  265:    return __inline_isfinitel(__x) && __builtin_fabsl(__x) >= __LDBL_MIN__;
        -:  266:}
        -:  267:    
        -:  268:#else /* defined(__GNUC__) && 0 == __FINITE_MATH_ONLY__ */
        -:  269:
        -:  270:/*  Implementations making function calls to fall back on when -ffast-math
        -:  271:    or similar is specified.  These are not available in iOS versions prior
        -:  272:    to 6.0.  If you need them, you must target that version or later.         */
        -:  273:    
        -:  274:#define isnormal(x)                                               \
        -:  275:    ( sizeof(x) == sizeof(float)  ? __isnormalf((float)(x))       \
        -:  276:    : sizeof(x) == sizeof(double) ? __isnormald((double)(x))      \
        -:  277:                                  : __isnormall((long double)(x)))
        -:  278:    
        -:  279:#define isfinite(x)                                               \
        -:  280:    ( sizeof(x) == sizeof(float)  ? __isfinitef((float)(x))       \
        -:  281:    : sizeof(x) == sizeof(double) ? __isfinited((double)(x))      \
        -:  282:                                  : __isfinitel((long double)(x)))
        -:  283:    
        -:  284:#define isinf(x)                                                  \
        -:  285:    ( sizeof(x) == sizeof(float)  ? __isinff((float)(x))          \
        -:  286:    : sizeof(x) == sizeof(double) ? __isinfd((double)(x))         \
        -:  287:                                  : __isinfl((long double)(x)))
        -:  288:    
        -:  289:#define isnan(x)                                                  \
        -:  290:    ( sizeof(x) == sizeof(float)  ? __isnanf((float)(x))          \
        -:  291:    : sizeof(x) == sizeof(double) ? __isnand((double)(x))         \
        -:  292:                                  : __isnanl((long double)(x)))
        -:  293:    
        -:  294:#define signbit(x)                                                \
        -:  295:    ( sizeof(x) == sizeof(float)  ? __signbitf((float)(x))        \
        -:  296:    : sizeof(x) == sizeof(double) ? __signbitd((double)(x))       \
        -:  297:                                  : __signbitl((long double)(x)))
        -:  298:    
        -:  299:extern int __isnormalf(float);
        -:  300:extern int __isnormald(double);
        -:  301:extern int __isnormall(long double);
        -:  302:extern int __isfinitef(float);
        -:  303:extern int __isfinited(double);
        -:  304:extern int __isfinitel(long double);
        -:  305:extern int __isinff(float);
        -:  306:extern int __isinfd(double);
        -:  307:extern int __isinfl(long double);
        -:  308:extern int __isnanf(float);
        -:  309:extern int __isnand(double);
        -:  310:extern int __isnanl(long double);
        -:  311:extern int __signbitf(float);
        -:  312:extern int __signbitd(double);
        -:  313:extern int __signbitl(long double);
        -:  314:
        -:  315:#endif /* defined(__GNUC__) && 0 == __FINITE_MATH_ONLY__ */
        -:  316:
        -:  317:/******************************************************************************
        -:  318: *                                                                            *
        -:  319: *                              Math Functions                                *
        -:  320: *                                                                            *
        -:  321: ******************************************************************************/
        -:  322:    
        -:  323:extern float acosf(float);
        -:  324:extern double acos(double);
        -:  325:extern long double acosl(long double);
        -:  326:    
        -:  327:extern float asinf(float);
        -:  328:extern double asin(double);
        -:  329:extern long double asinl(long double);
        -:  330:    
        -:  331:extern float atanf(float);
        -:  332:extern double atan(double);
        -:  333:extern long double atanl(long double);
        -:  334:    
        -:  335:extern float atan2f(float, float);
        -:  336:extern double atan2(double, double);
        -:  337:extern long double atan2l(long double, long double);
        -:  338:    
        -:  339:extern float cosf(float);
        -:  340:extern double cos(double);
        -:  341:extern long double cosl(long double);
        -:  342:    
        -:  343:extern float sinf(float);
        -:  344:extern double sin(double);
        -:  345:extern long double sinl(long double);
        -:  346:    
        -:  347:extern float tanf(float);
        -:  348:extern double tan(double);
        -:  349:extern long double tanl(long double);
        -:  350:    
        -:  351:extern float acoshf(float);
        -:  352:extern double acosh(double);
        -:  353:extern long double acoshl(long double);
        -:  354:    
        -:  355:extern float asinhf(float);
        -:  356:extern double asinh(double);
        -:  357:extern long double asinhl(long double);
        -:  358:    
        -:  359:extern float atanhf(float);
        -:  360:extern double atanh(double);
        -:  361:extern long double atanhl(long double);
        -:  362:    
        -:  363:extern float coshf(float);
        -:  364:extern double cosh(double);
        -:  365:extern long double coshl(long double);
        -:  366:    
        -:  367:extern float sinhf(float);
        -:  368:extern double sinh(double);
        -:  369:extern long double sinhl(long double);
        -:  370:    
        -:  371:extern float tanhf(float);
        -:  372:extern double tanh(double);
        -:  373:extern long double tanhl(long double);
        -:  374:    
        -:  375:extern float expf(float);
        -:  376:extern double exp(double);
        -:  377:extern long double expl(long double);
        -:  378:
        -:  379:extern float exp2f(float);
        -:  380:extern double exp2(double); 
        -:  381:extern long double exp2l(long double); 
        -:  382:
        -:  383:extern float expm1f(float);
        -:  384:extern double expm1(double); 
        -:  385:extern long double expm1l(long double); 
        -:  386:
        -:  387:extern float logf(float);
        -:  388:extern double log(double);
        -:  389:extern long double logl(long double);
        -:  390:
        -:  391:extern float log10f(float);
        -:  392:extern double log10(double);
        -:  393:extern long double log10l(long double);
        -:  394:
        -:  395:extern float log2f(float);
        -:  396:extern double log2(double);
        -:  397:extern long double log2l(long double);
        -:  398:
        -:  399:extern float log1pf(float);
        -:  400:extern double log1p(double);
        -:  401:extern long double log1pl(long double);
        -:  402:
        -:  403:extern float logbf(float);
        -:  404:extern double logb(double);
        -:  405:extern long double logbl(long double);
        -:  406:
        -:  407:extern float modff(float, float *);
        -:  408:extern double modf(double, double *);
        -:  409:extern long double modfl(long double, long double *);
        -:  410:
        -:  411:extern float ldexpf(float, int);
        -:  412:extern double ldexp(double, int);
        -:  413:extern long double ldexpl(long double, int);
        -:  414:
        -:  415:extern float frexpf(float, int *);
        -:  416:extern double frexp(double, int *);
        -:  417:extern long double frexpl(long double, int *);
        -:  418:
        -:  419:extern int ilogbf(float);
        -:  420:extern int ilogb(double);
        -:  421:extern int ilogbl(long double);
        -:  422:
        -:  423:extern float scalbnf(float, int);
        -:  424:extern double scalbn(double, int);
        -:  425:extern long double scalbnl(long double, int);
        -:  426:
        -:  427:extern float scalblnf(float, long int);
        -:  428:extern double scalbln(double, long int);
        -:  429:extern long double scalblnl(long double, long int);
        -:  430:
        -:  431:extern float fabsf(float);
        -:  432:extern double fabs(double);
        -:  433:extern long double fabsl(long double);
        -:  434:
        -:  435:extern float cbrtf(float);
        -:  436:extern double cbrt(double);
        -:  437:extern long double cbrtl(long double);
        -:  438:
        -:  439:extern float hypotf(float, float);
        -:  440:extern double hypot(double, double);
        -:  441:extern long double hypotl(long double, long double);
        -:  442:
        -:  443:extern float powf(float, float);
        -:  444:extern double pow(double, double);
        -:  445:extern long double powl(long double, long double);
        -:  446:
        -:  447:extern float sqrtf(float);
        -:  448:extern double sqrt(double);
        -:  449:extern long double sqrtl(long double);
        -:  450:
        -:  451:extern float erff(float);
        -:  452:extern double erf(double);
        -:  453:extern long double erfl(long double);
        -:  454:
        -:  455:extern float erfcf(float);
        -:  456:extern double erfc(double);
        -:  457:extern long double erfcl(long double);
        -:  458:
        -:  459:/*	lgammaf, lgamma, and lgammal are not thread-safe. The thread-safe
        -:  460:    variants lgammaf_r, lgamma_r, and lgammal_r are made available if
        -:  461:    you define the _REENTRANT symbol before including <math.h>                */
        -:  462:extern float lgammaf(float);
        -:  463:extern double lgamma(double);
        -:  464:extern long double lgammal(long double);
        -:  465:
        -:  466:extern float tgammaf(float);
        -:  467:extern double tgamma(double);
        -:  468:extern long double tgammal(long double);
        -:  469:
        -:  470:extern float ceilf(float);
        -:  471:extern double ceil(double);
        -:  472:extern long double ceill(long double);
        -:  473:
        -:  474:extern float floorf(float);
        -:  475:extern double floor(double);
        -:  476:extern long double floorl(long double);
        -:  477:
        -:  478:extern float nearbyintf(float);
        -:  479:extern double nearbyint(double);
        -:  480:extern long double nearbyintl(long double);
        -:  481:
        -:  482:extern float rintf(float);
        -:  483:extern double rint(double);
        -:  484:extern long double rintl(long double);
        -:  485:
        -:  486:extern long int lrintf(float);
        -:  487:extern long int lrint(double);
        -:  488:extern long int lrintl(long double);
        -:  489:
        -:  490:extern float roundf(float);
        -:  491:extern double round(double);
        -:  492:extern long double roundl(long double);
        -:  493:
        -:  494:extern long int lroundf(float);
        -:  495:extern long int lround(double);
        -:  496:extern long int lroundl(long double);
        -:  497:    
        -:  498:/*  long long is not part of C90. Make sure you are passing -std=c99 or
        -:  499:    -std=gnu99 or higher if you need these functions returning long longs     */
        -:  500:#if !(__DARWIN_NO_LONG_LONG)
        -:  501:extern long long int llrintf(float);
        -:  502:extern long long int llrint(double);
        -:  503:extern long long int llrintl(long double);
        -:  504:
        -:  505:extern long long int llroundf(float);
        -:  506:extern long long int llround(double);
        -:  507:extern long long int llroundl(long double);
        -:  508:#endif /* !(__DARWIN_NO_LONG_LONG) */
        -:  509:
        -:  510:extern float truncf(float);
        -:  511:extern double trunc(double);
        -:  512:extern long double truncl(long double);
        -:  513:
        -:  514:extern float fmodf(float, float);
        -:  515:extern double fmod(double, double);
        -:  516:extern long double fmodl(long double, long double);
        -:  517:
        -:  518:extern float remainderf(float, float);
        -:  519:extern double remainder(double, double);
        -:  520:extern long double remainderl(long double, long double);
        -:  521:
        -:  522:extern float remquof(float, float, int *);
        -:  523:extern double remquo(double, double, int *);
        -:  524:extern long double remquol(long double, long double, int *);
        -:  525:
        -:  526:extern float copysignf(float, float);
        -:  527:extern double copysign(double, double);
        -:  528:extern long double copysignl(long double, long double);
        -:  529:
        -:  530:extern float nanf(const char *);
        -:  531:extern double nan(const char *);
        -:  532:extern long double nanl(const char *);
        -:  533:
        -:  534:extern float nextafterf(float, float);
        -:  535:extern double nextafter(double, double);
        -:  536:extern long double nextafterl(long double, long double);
        -:  537:
        -:  538:extern double nexttoward(double, long double);
        -:  539:extern float nexttowardf(float, long double);
        -:  540:extern long double nexttowardl(long double, long double);
        -:  541:
        -:  542:extern float fdimf(float, float);
        -:  543:extern double fdim(double, double);
        -:  544:extern long double fdiml(long double, long double);
        -:  545:
        -:  546:extern float fmaxf(float, float);
        -:  547:extern double fmax(double, double);
        -:  548:extern long double fmaxl(long double, long double);
        -:  549:
        -:  550:extern float fminf(float, float);
        -:  551:extern double fmin(double, double);
        -:  552:extern long double fminl(long double, long double);
        -:  553:
        -:  554:extern float fmaf(float, float, float);
        -:  555:extern double fma(double, double, double);
        -:  556:extern long double fmal(long double, long double, long double);
        -:  557:
        -:  558:#define isgreater(x, y) __builtin_isgreater((x),(y))
        -:  559:#define isgreaterequal(x, y) __builtin_isgreaterequal((x),(y))
        -:  560:#define isless(x, y) __builtin_isless((x),(y))
        -:  561:#define islessequal(x, y) __builtin_islessequal((x),(y))
        -:  562:#define islessgreater(x, y) __builtin_islessgreater((x),(y))
        -:  563:#define isunordered(x, y) __builtin_isunordered((x),(y))
        -:  564:
        -:  565:#if defined __i386__ || defined __x86_64__
        -:  566:/* Deprecated functions; use the INFINITY and NAN macros instead.             */
        -:  567:extern float __inff(void)
        -:  568:__API_DEPRECATED("use `(float)INFINITY` instead", macos(10.0, 10.9)) __API_UNAVAILABLE(ios, watchos, tvos);
        -:  569:extern double __inf(void)
        -:  570:__API_DEPRECATED("use `INFINITY` instead", macos(10.0, 10.9)) __API_UNAVAILABLE(ios, watchos, tvos);
        -:  571:extern long double __infl(void)
        -:  572:__API_DEPRECATED("use `(long double)INFINITY` instead", macos(10.0, 10.9)) __API_UNAVAILABLE(ios, watchos, tvos);
        -:  573:extern float __nan(void)
        -:  574:__API_DEPRECATED("use `NAN` instead", macos(10.0, 10.14)) __API_UNAVAILABLE(ios, watchos, tvos);
        -:  575:#endif
        -:  576:
        -:  577:/******************************************************************************
        -:  578: *  Reentrant variants of lgamma[fl]                                          *
        -:  579: ******************************************************************************/
        -:  580:
        -:  581:#ifdef _REENTRANT
        -:  582:/*  Reentrant variants of the lgamma[fl] functions.                           */
        -:  583:extern float lgammaf_r(float, int *) __API_AVAILABLE(macos(10.6), ios(3.1));
        -:  584:extern double lgamma_r(double, int *) __API_AVAILABLE(macos(10.6), ios(3.1));
        -:  585:extern long double lgammal_r(long double, int *) __API_AVAILABLE(macos(10.6), ios(3.1));
        -:  586:#endif /* _REENTRANT */
        -:  587:
        -:  588:/******************************************************************************
        -:  589: *  Apple extensions to the C standard                                        *
        -:  590: ******************************************************************************/
        -:  591:
        -:  592:/*  Because these functions are not specified by any relevant standard, they
        -:  593:    are prefixed with __, which places them in the implementor's namespace, so
        -:  594:    they should not conflict with any developer or third-party code.  If they
        -:  595:    are added to a relevant standard in the future, un-prefixed names may be
        -:  596:    added to the library and they may be moved out of this section of the
        -:  597:    header.                                                                   
        -:  598: 
        -:  599:    Because these functions are non-standard, they may not be available on non-
        -:  600:    Apple platforms.                                                          */
        -:  601:
        -:  602:/*  __exp10(x) returns 10**x.  Edge cases match those of exp( ) and exp2( ).  */
        -:  603:extern float __exp10f(float) __API_AVAILABLE(macos(10.9), ios(7.0));
        -:  604:extern double __exp10(double) __API_AVAILABLE(macos(10.9), ios(7.0));
        -:  605:
        -:  606:/*  __sincos(x,sinp,cosp) computes the sine and cosine of x with a single
        -:  607:    function call, storing the sine in the memory pointed to by sinp, and
        -:  608:    the cosine in the memory pointed to by cosp. Edge cases match those of
        -:  609:    separate calls to sin( ) and cos( ).                                      */
        -:  610:__header_always_inline void __sincosf(float __x, float *__sinp, float *__cosp);
        -:  611:__header_always_inline void __sincos(double __x, double *__sinp, double *__cosp);
        -:  612:
        -:  613:/*  __sinpi(x) returns the sine of pi times x; __cospi(x) and __tanpi(x) return
        -:  614:    the cosine and tangent, respectively.  These functions can produce a more
        -:  615:    accurate answer than expressions of the form sin(M_PI * x) because they
        -:  616:    avoid any loss of precision that results from rounding the result of the
        -:  617:    multiplication M_PI * x.  They may also be significantly more efficient in
        -:  618:    some cases because the argument reduction for these functions is easier
        -:  619:    to compute.  Consult the man pages for edge case details.                 */
        -:  620:extern float __cospif(float) __API_AVAILABLE(macos(10.9), ios(7.0));
        -:  621:extern double __cospi(double) __API_AVAILABLE(macos(10.9), ios(7.0));
        -:  622:extern float __sinpif(float) __API_AVAILABLE(macos(10.9), ios(7.0));
        -:  623:extern double __sinpi(double) __API_AVAILABLE(macos(10.9), ios(7.0));
        -:  624:extern float __tanpif(float) __API_AVAILABLE(macos(10.9), ios(7.0));
        -:  625:extern double __tanpi(double) __API_AVAILABLE(macos(10.9), ios(7.0));
        -:  626:
        -:  627:#if (defined __MAC_OS_X_VERSION_MIN_REQUIRED && __MAC_OS_X_VERSION_MIN_REQUIRED < 1090) || \
        -:  628:    (defined __IPHONE_OS_VERSION_MIN_REQUIRED && __IPHONE_OS_VERSION_MIN_REQUIRED < 70000)
        -:  629:/*  __sincos and __sincosf were introduced in OSX 10.9 and iOS 7.0.  When
        -:  630:    targeting an older system, we simply split them up into discrete calls
        -:  631:    to sin( ) and cos( ).                                                     */
        -:  632:__header_always_inline void __sincosf(float __x, float *__sinp, float *__cosp) {
        -:  633:  *__sinp = sinf(__x);
        -:  634:  *__cosp = cosf(__x);
        -:  635:}
        -:  636:
        -:  637:__header_always_inline void __sincos(double __x, double *__sinp, double *__cosp) {
        -:  638:  *__sinp = sin(__x);
        -:  639:  *__cosp = cos(__x);
        -:  640:}
        -:  641:#else
        -:  642:/*  __sincospi(x,sinp,cosp) computes the sine and cosine of pi times x with a
        -:  643:    single function call, storing the sine in the memory pointed to by sinp,
        -:  644:    and the cosine in the memory pointed to by cosp.  Edge cases match those
        -:  645:    of separate calls to __sinpi( ) and __cospi( ), and are documented in the
        -:  646:    man pages.
        -:  647: 
        -:  648:    These functions were introduced in OSX 10.9 and iOS 7.0.  Because they are
        -:  649:    implemented as header inlines, weak-linking does not function as normal,
        -:  650:    and they are simply hidden when targeting earlier OS versions.            */
        -:  651:__header_always_inline void __sincospif(float __x, float *__sinp, float *__cosp);
        -:  652:__header_always_inline void __sincospi(double __x, double *__sinp, double *__cosp);
        -:  653:
        -:  654:/*  Implementation details of __sincos and __sincospi allowing them to return
        -:  655:    two results while allowing the compiler to optimize away unnecessary load-
        -:  656:    store traffic.  Although these interfaces are exposed in the math.h header
        -:  657:    to allow compilers to generate better code, users should call __sincos[f]
        -:  658:    and __sincospi[f] instead and allow the compiler to emit these calls.     */
        -:  659:struct __float2 { float __sinval; float __cosval; };
        -:  660:struct __double2 { double __sinval; double __cosval; };
        -:  661:
        -:  662:extern struct __float2 __sincosf_stret(float);
        -:  663:extern struct __double2 __sincos_stret(double);
        -:  664:extern struct __float2 __sincospif_stret(float);
        -:  665:extern struct __double2 __sincospi_stret(double);
        -:  666:
        -:  667:__header_always_inline void __sincosf(float __x, float *__sinp, float *__cosp) {
        -:  668:    const struct __float2 __stret = __sincosf_stret(__x);
        -:  669:    *__sinp = __stret.__sinval; *__cosp = __stret.__cosval;
        -:  670:}
        -:  671:
        -:  672:__header_always_inline void __sincos(double __x, double *__sinp, double *__cosp) {
        -:  673:    const struct __double2 __stret = __sincos_stret(__x);
        -:  674:    *__sinp = __stret.__sinval; *__cosp = __stret.__cosval;
        -:  675:}
        -:  676:
        -:  677:__header_always_inline void __sincospif(float __x, float *__sinp, float *__cosp) {
        -:  678:    const struct __float2 __stret = __sincospif_stret(__x);
        -:  679:    *__sinp = __stret.__sinval; *__cosp = __stret.__cosval;
        -:  680:}
        -:  681:
        -:  682:__header_always_inline void __sincospi(double __x, double *__sinp, double *__cosp) {
        -:  683:    const struct __double2 __stret = __sincospi_stret(__x);
        -:  684:    *__sinp = __stret.__sinval; *__cosp = __stret.__cosval;
        -:  685:}
        -:  686:#endif
        -:  687:
        -:  688:/******************************************************************************
        -:  689: *  POSIX/UNIX extensions to the C standard                                   *
        -:  690: ******************************************************************************/
        -:  691:
        -:  692:#if __DARWIN_C_LEVEL >= 199506L
        -:  693:extern double j0(double) __API_AVAILABLE(macos(10.0), ios(3.2));
        -:  694:extern double j1(double) __API_AVAILABLE(macos(10.0), ios(3.2));
        -:  695:extern double jn(int, double) __API_AVAILABLE(macos(10.0), ios(3.2));
        -:  696:extern double y0(double) __API_AVAILABLE(macos(10.0), ios(3.2));
        -:  697:extern double y1(double) __API_AVAILABLE(macos(10.0), ios(3.2));
        -:  698:extern double yn(int, double) __API_AVAILABLE(macos(10.0), ios(3.2));
        -:  699:extern double scalb(double, double); 
        -:  700:extern int signgam;
        -:  701:
        -:  702:/*  Even though these might be more useful as long doubles, POSIX requires
        -:  703:    that they be double-precision literals.                                   */
        -:  704:#define M_E         2.71828182845904523536028747135266250   /* e              */
        -:  705:#define M_LOG2E     1.44269504088896340735992468100189214   /* log2(e)        */
        -:  706:#define M_LOG10E    0.434294481903251827651128918916605082  /* log10(e)       */
        -:  707:#define M_LN2       0.693147180559945309417232121458176568  /* loge(2)        */
        -:  708:#define M_LN10      2.30258509299404568401799145468436421   /* loge(10)       */
        -:  709:#define M_PI        3.14159265358979323846264338327950288   /* pi             */
        -:  710:#define M_PI_2      1.57079632679489661923132169163975144   /* pi/2           */
        -:  711:#define M_PI_4      0.785398163397448309615660845819875721  /* pi/4           */
        -:  712:#define M_1_PI      0.318309886183790671537767526745028724  /* 1/pi           */
        -:  713:#define M_2_PI      0.636619772367581343075535053490057448  /* 2/pi           */
        -:  714:#define M_2_SQRTPI  1.12837916709551257389615890312154517   /* 2/sqrt(pi)     */
        -:  715:#define M_SQRT2     1.41421356237309504880168872420969808   /* sqrt(2)        */
        -:  716:#define M_SQRT1_2   0.707106781186547524400844362104849039  /* 1/sqrt(2)      */
        -:  717:
        -:  718:#define MAXFLOAT    0x1.fffffep+127f
        -:  719:#endif /* __DARWIN_C_LEVEL >= 199506L */
        -:  720:
        -:  721:/*  Long-double versions of M_E, etc for convenience on Intel where long-
        -:  722:    double is not the same as double.  Define __MATH_LONG_DOUBLE_CONSTANTS
        -:  723:    to make these constants available.                                        */
        -:  724:#if defined __MATH_LONG_DOUBLE_CONSTANTS
        -:  725:#define M_El        0xa.df85458a2bb4a9bp-2L
        -:  726:#define M_LOG2El    0xb.8aa3b295c17f0bcp-3L
        -:  727:#define M_LOG10El   0xd.e5bd8a937287195p-5L
        -:  728:#define M_LN2l      0xb.17217f7d1cf79acp-4L
        -:  729:#define M_LN10l     0x9.35d8dddaaa8ac17p-2L
        -:  730:#define M_PIl       0xc.90fdaa22168c235p-2L
        -:  731:#define M_PI_2l     0xc.90fdaa22168c235p-3L
        -:  732:#define M_PI_4l     0xc.90fdaa22168c235p-4L
        -:  733:#define M_1_PIl     0xa.2f9836e4e44152ap-5L
        -:  734:#define M_2_PIl     0xa.2f9836e4e44152ap-4L
        -:  735:#define M_2_SQRTPIl 0x9.06eba8214db688dp-3L
        -:  736:#define M_SQRT2l    0xb.504f333f9de6484p-3L
        -:  737:#define M_SQRT1_2l  0xb.504f333f9de6484p-4L
        -:  738:#endif /* defined __MATH_LONG_DOUBLE_CONSTANTS */
        -:  739:
        -:  740:/******************************************************************************
        -:  741: *  Legacy BSD extensions to the C standard                                   *
        -:  742: ******************************************************************************/
        -:  743:
        -:  744:#if __DARWIN_C_LEVEL >= __DARWIN_C_FULL
        -:  745:#define FP_SNAN		FP_NAN
        -:  746:#define FP_QNAN		FP_NAN
        -:  747:#define	HUGE		MAXFLOAT
        -:  748:#define X_TLOSS		1.41484755040568800000e+16 
        -:  749:#define	DOMAIN		1
        -:  750:#define	SING		2
        -:  751:#define	OVERFLOW	3
        -:  752:#define	UNDERFLOW	4
        -:  753:#define	TLOSS		5
        -:  754:#define	PLOSS		6
        -:  755:
        -:  756:#if defined __i386__ || defined __x86_64__
        -:  757:/* Legacy BSD API; use the C99 `lrint( )` function instead.                   */
        -:  758:extern long int rinttol(double)
        -:  759:__API_DEPRECATED_WITH_REPLACEMENT("lrint", macos(10.0, 10.9)) __API_UNAVAILABLE(ios, watchos, tvos);
        -:  760:/* Legacy BSD API; use the C99 `lround( )` function instead.                  */
        -:  761:extern long int roundtol(double)
        -:  762:__API_DEPRECATED_WITH_REPLACEMENT("lround", macos(10.0, 10.9)) __API_UNAVAILABLE(ios, watchos, tvos);
        -:  763:/* Legacy BSD API; use the C99 `remainder( )` function instead.               */
        -:  764:extern double drem(double, double)
        -:  765:__API_DEPRECATED_WITH_REPLACEMENT("remainder", macos(10.0, 10.9)) __API_UNAVAILABLE(ios, watchos, tvos);
        -:  766:/* Legacy BSD API; use the C99 `isfinite( )` macro instead.                   */
        -:  767:extern int finite(double)
        -:  768:__API_DEPRECATED("Use `isfinite((double)x)` instead.", macos(10.0, 10.9)) __API_UNAVAILABLE(ios, watchos, tvos);
        -:  769:/* Legacy BSD API; use the C99 `tgamma( )` function instead.                  */
        -:  770:extern double gamma(double)
        -:  771:__API_DEPRECATED_WITH_REPLACEMENT("tgamma", macos(10.0, 10.9)) __API_UNAVAILABLE(ios, watchos, tvos);
        -:  772:/* Legacy BSD API; use `2*frexp( )` or `scalbn(x, -ilogb(x))` instead.        */
        -:  773:extern double significand(double)
        -:  774:__API_DEPRECATED("Use `2*frexp( )` or `scalbn(x, -ilogb(x))` instead.", macos(10.0, 10.9)) __API_UNAVAILABLE(ios, watchos, tvos);
        -:  775:#endif
        -:  776:
        -:  777:#if !defined __cplusplus
        -:  778:struct exception {
        -:  779:    int type;
        -:  780:    char *name;
        -:  781:    double arg1;
        -:  782:    double arg2;
        -:  783:    double retval;
        -:  784:};
        -:  785:
        -:  786:#endif /* !defined __cplusplus */
        -:  787:#endif /* __DARWIN_C_LEVEL >= __DARWIN_C_FULL */
        -:  788:
        -:  789:__END_DECLS
        -:  790:#endif /* __MATH_H__ */
        -:  791:#ifdef __cplusplus
        -:  792:#undef exception
        -:  793:#endif
        -:  794:
        -:  795:#endif  /* FIXINC_WRAP_MATH_H_MATH_EXCEPTION */
